  P1255 数楼梯-洛谷.py
D:\code\2024年\2024年10月\test_10.25\test_10.25\P1255 数楼梯-洛谷.py(1,1): error C4430: 缺少类型说明符 - 假定为 int。注意: C++ 不支持默认 int
D:\code\2024年\2024年10月\test_10.25\test_10.25\P1255 数楼梯-洛谷.py(1,9): error C3861: “input”: 找不到标识符
D:\code\2024年\2024年10月\test_10.25\test_10.25\P1255 数楼梯-洛谷.py(3,1): error C2146: 语法错误: 缺少“;”(在标识符“def”的前面)
D:\code\2024年\2024年10月\test_10.25\test_10.25\P1255 数楼梯-洛谷.py(4,5): error C4430: 缺少类型说明符 - 假定为 int。注意: C++ 不支持默认 int
D:\code\2024年\2024年10月\test_10.25\test_10.25\P1255 数楼梯-洛谷.py(4,8): error C4430: 缺少类型说明符 - 假定为 int。注意: C++ 不支持默认 int
D:\code\2024年\2024年10月\test_10.25\test_10.25\P1255 数楼梯-洛谷.py(4,15): error C2059: 语法错误:“常数”
D:\code\2024年\2024年10月\test_10.25\test_10.25\P1255 数楼梯-洛谷.py(7,9): error C4430: 缺少类型说明符 - 假定为 int。注意: C++ 不支持默认 int
D:\code\2024年\2024年10月\test_10.25\test_10.25\P1255 数楼梯-洛谷.py(7,9): error C2086: “int a”: 重定义
      D:\code\2024年\2024年10月\test_10.25\test_10.25\P1255 数楼梯-洛谷.py(4,5):
      参见“a”的声明
  
D:\code\2024年\2024年10月\test_10.25\test_10.25\P1255 数楼梯-洛谷.py(7,12): error C4430: 缺少类型说明符 - 假定为 int。注意: C++ 不支持默认 int
D:\code\2024年\2024年10月\test_10.25\test_10.25\P1255 数楼梯-洛谷.py(7,12): error C2374: “b”: 重定义；多次初始化
      D:\code\2024年\2024年10月\test_10.25\test_10.25\P1255 数楼梯-洛谷.py(4,8):
      参见“b”的声明
  
D:\code\2024年\2024年10月\test_10.25\test_10.25\P1255 数楼梯-洛谷.py(7,21): error C2143: 语法错误: 缺少“;”(在“+”的前面)
D:\code\2024年\2024年10月\test_10.25\test_10.25\P1255 数楼梯-洛谷.py(7,19): error C4430: 缺少类型说明符 - 假定为 int。注意: C++ 不支持默认 int
D:\code\2024年\2024年10月\test_10.25\test_10.25\P1255 数楼梯-洛谷.py(7,19): error C2086: “int a”: 重定义
      D:\code\2024年\2024年10月\test_10.25\test_10.25\P1255 数楼梯-洛谷.py(4,5):
      参见“a”的声明
  
D:\code\2024年\2024年10月\test_10.25\test_10.25\P1255 数楼梯-洛谷.py(7,21): error C2059: 语法错误:“+”
